  fill.cpp
C:\Users\20124\Desktop\temp\ComputerGraphics\include\show_image.h(125,25): warning C4244: “=”: 从“double”转换到“_Ty”，可能丢失数据
C:\Users\20124\Desktop\temp\ComputerGraphics\include\show_image.h(125,25): warning C4244:         with
C:\Users\20124\Desktop\temp\ComputerGraphics\include\show_image.h(125,25): warning C4244:         [
C:\Users\20124\Desktop\temp\ComputerGraphics\include\show_image.h(125,25): warning C4244:             _Ty=unsigned char
C:\Users\20124\Desktop\temp\ComputerGraphics\include\show_image.h(125,25): warning C4244:         ]
  (编译源文件“src/fill.cpp”)
  
C:\Users\20124\Desktop\temp\ComputerGraphics\include\show_image.h(126,29): warning C4244: “=”: 从“double”转换到“_Ty”，可能丢失数据
C:\Users\20124\Desktop\temp\ComputerGraphics\include\show_image.h(126,29): warning C4244:         with
C:\Users\20124\Desktop\temp\ComputerGraphics\include\show_image.h(126,29): warning C4244:         [
C:\Users\20124\Desktop\temp\ComputerGraphics\include\show_image.h(126,29): warning C4244:             _Ty=unsigned char
C:\Users\20124\Desktop\temp\ComputerGraphics\include\show_image.h(126,29): warning C4244:         ]
  (编译源文件“src/fill.cpp”)
  
C:\Users\20124\Desktop\temp\ComputerGraphics\include\show_image.h(127,29): warning C4244: “=”: 从“double”转换到“_Ty”，可能丢失数据
C:\Users\20124\Desktop\temp\ComputerGraphics\include\show_image.h(127,29): warning C4244:         with
C:\Users\20124\Desktop\temp\ComputerGraphics\include\show_image.h(127,29): warning C4244:         [
C:\Users\20124\Desktop\temp\ComputerGraphics\include\show_image.h(127,29): warning C4244:             _Ty=unsigned char
C:\Users\20124\Desktop\temp\ComputerGraphics\include\show_image.h(127,29): warning C4244:         ]
  (编译源文件“src/fill.cpp”)
  
C:\Users\20124\Desktop\temp\ComputerGraphics\7.1_fill\src\fill.cpp(15,13): warning C4244: “初始化”: 从“double”转换到“int”，可能丢失数据
C:\Users\20124\Desktop\temp\ComputerGraphics\7.1_fill\src\fill.cpp(39,39): warning C4244: “参数”: 从“_Ty”转换到“int”，可能丢失数据
C:\Users\20124\Desktop\temp\ComputerGraphics\7.1_fill\src\fill.cpp(39,39): warning C4244:         with
C:\Users\20124\Desktop\temp\ComputerGraphics\7.1_fill\src\fill.cpp(39,39): warning C4244:         [
C:\Users\20124\Desktop\temp\ComputerGraphics\7.1_fill\src\fill.cpp(39,39): warning C4244:             _Ty=double
C:\Users\20124\Desktop\temp\ComputerGraphics\7.1_fill\src\fill.cpp(39,39): warning C4244:         ]
C:\Users\20124\Desktop\temp\ComputerGraphics\7.1_fill\src\fill.cpp(49,36): warning C4244: “参数”: 从“_Ty”转换到“int”，可能丢失数据
C:\Users\20124\Desktop\temp\ComputerGraphics\7.1_fill\src\fill.cpp(49,36): warning C4244:         with
C:\Users\20124\Desktop\temp\ComputerGraphics\7.1_fill\src\fill.cpp(49,36): warning C4244:         [
C:\Users\20124\Desktop\temp\ComputerGraphics\7.1_fill\src\fill.cpp(49,36): warning C4244:             _Ty=double
C:\Users\20124\Desktop\temp\ComputerGraphics\7.1_fill\src\fill.cpp(49,36): warning C4244:         ]
C:\Users\20124\Desktop\temp\ComputerGraphics\7.1_fill\src\fill.cpp(69,8): warning C4244: “初始化”: 从“double”转换到“int”，可能丢失数据
C:\Users\20124\Desktop\temp\ComputerGraphics\7.1_fill\src\fill.cpp(79,37): warning C4244: “参数”: 从“double”转换到“int”，可能丢失数据
C:\Users\20124\Desktop\temp\ComputerGraphics\7.1_fill\src\fill.cpp(79,14): warning C4244: “初始化”: 从“_Ty”转换到“int”，可能丢失数据
C:\Users\20124\Desktop\temp\ComputerGraphics\7.1_fill\src\fill.cpp(79,14): warning C4244:         with
C:\Users\20124\Desktop\temp\ComputerGraphics\7.1_fill\src\fill.cpp(79,14): warning C4244:         [
C:\Users\20124\Desktop\temp\ComputerGraphics\7.1_fill\src\fill.cpp(79,14): warning C4244:             _Ty=double
C:\Users\20124\Desktop\temp\ComputerGraphics\7.1_fill\src\fill.cpp(79,14): warning C4244:         ]
C:\Users\20124\Desktop\temp\ComputerGraphics\7.1_fill\src\fill.cpp(79,82): warning C4244: “参数”: 从“double”转换到“int”，可能丢失数据
C:\Users\20124\Desktop\temp\ComputerGraphics\7.1_fill\src\fill.cpp(25,55): warning C4267: “return”: 从“size_t”转换到“int”，可能丢失数据
  C:\Users\20124\Desktop\temp\ComputerGraphics\7.1_fill\src\fill.cpp(25,55):
  模板实例化上下文(最早的实例化上下文)为
  	C:\Users\20124\Desktop\temp\ComputerGraphics\7.1_fill\src\fill.cpp(39,19):
  	查看对正在编译的函数 模板 实例化“int adjustIndex<double>(int,const std::vector<double,std::allocator<double>> &)”的引用
  
  7.1_fill.vcxproj -> C:\Users\20124\Desktop\temp\ComputerGraphics\7.1_fill\bin\Debug\7.1_fill.exe
