  projection.cpp
C:\Users\20124\Desktop\temp\ComputerGraphics\include\show_image.h(129,16): warning C4244: “初始化”: 从“double”转换到“int”，可能丢失数据
  (编译源文件“src/projection.cpp”)
  
C:\Users\20124\Desktop\temp\ComputerGraphics\include\show_image.h(138,25): warning C4244: “=”: 从“double”转换到“_Ty”，可能丢失数据
C:\Users\20124\Desktop\temp\ComputerGraphics\include\show_image.h(138,25): warning C4244:         with
C:\Users\20124\Desktop\temp\ComputerGraphics\include\show_image.h(138,25): warning C4244:         [
C:\Users\20124\Desktop\temp\ComputerGraphics\include\show_image.h(138,25): warning C4244:             _Ty=unsigned char
C:\Users\20124\Desktop\temp\ComputerGraphics\include\show_image.h(138,25): warning C4244:         ]
  (编译源文件“src/projection.cpp”)
  
C:\Users\20124\Desktop\temp\ComputerGraphics\include\show_image.h(139,29): warning C4244: “=”: 从“double”转换到“_Ty”，可能丢失数据
C:\Users\20124\Desktop\temp\ComputerGraphics\include\show_image.h(139,29): warning C4244:         with
C:\Users\20124\Desktop\temp\ComputerGraphics\include\show_image.h(139,29): warning C4244:         [
C:\Users\20124\Desktop\temp\ComputerGraphics\include\show_image.h(139,29): warning C4244:             _Ty=unsigned char
C:\Users\20124\Desktop\temp\ComputerGraphics\include\show_image.h(139,29): warning C4244:         ]
  (编译源文件“src/projection.cpp”)
  
C:\Users\20124\Desktop\temp\ComputerGraphics\include\show_image.h(140,29): warning C4244: “=”: 从“double”转换到“_Ty”，可能丢失数据
C:\Users\20124\Desktop\temp\ComputerGraphics\include\show_image.h(140,29): warning C4244:         with
C:\Users\20124\Desktop\temp\ComputerGraphics\include\show_image.h(140,29): warning C4244:         [
C:\Users\20124\Desktop\temp\ComputerGraphics\include\show_image.h(140,29): warning C4244:             _Ty=unsigned char
C:\Users\20124\Desktop\temp\ComputerGraphics\include\show_image.h(140,29): warning C4244:         ]
  (编译源文件“src/projection.cpp”)
  
C:\Users\20124\Desktop\temp\ComputerGraphics\include\show_image.h(160,48): warning C4244: “参数”: 从“_Ty”转换到“int”，可能丢失数据
C:\Users\20124\Desktop\temp\ComputerGraphics\include\show_image.h(160,48): warning C4244:         with
C:\Users\20124\Desktop\temp\ComputerGraphics\include\show_image.h(160,48): warning C4244:         [
C:\Users\20124\Desktop\temp\ComputerGraphics\include\show_image.h(160,48): warning C4244:             _Ty=double
C:\Users\20124\Desktop\temp\ComputerGraphics\include\show_image.h(160,48): warning C4244:         ]
  (编译源文件“src/projection.cpp”)
  
C:\Users\20124\Desktop\temp\ComputerGraphics\include\show_image.h(170,45): warning C4244: “参数”: 从“_Ty”转换到“int”，可能丢失数据
C:\Users\20124\Desktop\temp\ComputerGraphics\include\show_image.h(170,45): warning C4244:         with
C:\Users\20124\Desktop\temp\ComputerGraphics\include\show_image.h(170,45): warning C4244:         [
C:\Users\20124\Desktop\temp\ComputerGraphics\include\show_image.h(170,45): warning C4244:             _Ty=double
C:\Users\20124\Desktop\temp\ComputerGraphics\include\show_image.h(170,45): warning C4244:         ]
  (编译源文件“src/projection.cpp”)
  
C:\Users\20124\Desktop\temp\ComputerGraphics\9.1_projection\src\projection.cpp(15,14): warning C4244: “初始化”: 从“double”转换到“int”，可能丢失数据
C:\Users\20124\Desktop\temp\ComputerGraphics\9.1_projection\src\projection.cpp(16,14): warning C4244: “初始化”: 从“double”转换到“int”，可能丢失数据
C:\Users\20124\Desktop\temp\ComputerGraphics\include\show_image.h(146,58): warning C4267: “return”: 从“size_t”转换到“int”，可能丢失数据
  (编译源文件“src/projection.cpp”)
  C:\Users\20124\Desktop\temp\ComputerGraphics\include\show_image.h(146,58):
  模板实例化上下文(最早的实例化上下文)为
  	C:\Users\20124\Desktop\temp\ComputerGraphics\include\show_image.h(160,28):
  	查看对正在编译的函数 模板 实例化“int adjustIndex<double>(int,const std::vector<double,std::allocator<double>> &)”的引用
  
  9.1_projection.vcxproj -> C:\Users\20124\Desktop\temp\ComputerGraphics\9.1_projection\bin\Debug\9.1_projection.exe
